The system is: Linux - 3.13.0-39-generic - x86_64
Compiling the C compiler identification source file "CMakeCCompilerId.c" succeeded.
Compiler: /usr/bin/cc 
Build flags: 
Id flags: 

The output was:
0


Compilation of the C compiler identification source "CMakeCCompilerId.c" produced "a.out"

The C compiler identification is GNU, found in "/home/dkoes/git/openbabel/CMakeFiles/2.8.12.2/CompilerIdC/a.out"

Compiling the CXX compiler identification source file "CMakeCXXCompilerId.cpp" succeeded.
Compiler: /usr/bin/c++ 
Build flags: 
Id flags: 

The output was:
0


Compilation of the CXX compiler identification source "CMakeCXXCompilerId.cpp" produced "a.out"

The CXX compiler identification is GNU, found in "/home/dkoes/git/openbabel/CMakeFiles/2.8.12.2/CompilerIdCXX/a.out"

Determining if the C compiler works passed with the following output:
Change Dir: /home/dkoes/git/openbabel/CMakeFiles/CMakeTmp

Run Build Command:/usr/bin/make "cmTryCompileExec170205059/fast"
/usr/bin/make -f CMakeFiles/cmTryCompileExec170205059.dir/build.make CMakeFiles/cmTryCompileExec170205059.dir/build
make[1]: Entering directory `/home/dkoes/git/openbabel/CMakeFiles/CMakeTmp'
/usr/bin/cmake -E cmake_progress_report /home/dkoes/git/openbabel/CMakeFiles/CMakeTmp/CMakeFiles 1
Building C object CMakeFiles/cmTryCompileExec170205059.dir/testCCompiler.c.o
/usr/bin/cc    -o CMakeFiles/cmTryCompileExec170205059.dir/testCCompiler.c.o   -c /home/dkoes/git/openbabel/CMakeFiles/CMakeTmp/testCCompiler.c
Linking C executable cmTryCompileExec170205059
/usr/bin/cmake -E cmake_link_script CMakeFiles/cmTryCompileExec170205059.dir/link.txt --verbose=1
/usr/bin/cc       CMakeFiles/cmTryCompileExec170205059.dir/testCCompiler.c.o  -o cmTryCompileExec170205059 -rdynamic 
make[1]: Leaving directory `/home/dkoes/git/openbabel/CMakeFiles/CMakeTmp'


Detecting C compiler ABI info compiled with the following output:
Change Dir: /home/dkoes/git/openbabel/CMakeFiles/CMakeTmp

Run Build Command:/usr/bin/make "cmTryCompileExec3384076263/fast"
/usr/bin/make -f CMakeFiles/cmTryCompileExec3384076263.dir/build.make CMakeFiles/cmTryCompileExec3384076263.dir/build
make[1]: Entering directory `/home/dkoes/git/openbabel/CMakeFiles/CMakeTmp'
/usr/bin/cmake -E cmake_progress_report /home/dkoes/git/openbabel/CMakeFiles/CMakeTmp/CMakeFiles 1
Building C object CMakeFiles/cmTryCompileExec3384076263.dir/CMakeCCompilerABI.c.o
/usr/bin/cc    -o CMakeFiles/cmTryCompileExec3384076263.dir/CMakeCCompilerABI.c.o   -c /usr/share/cmake-2.8/Modules/CMakeCCompilerABI.c
Linking C executable cmTryCompileExec3384076263
/usr/bin/cmake -E cmake_link_script CMakeFiles/cmTryCompileExec3384076263.dir/link.txt --verbose=1
/usr/bin/cc     -v CMakeFiles/cmTryCompileExec3384076263.dir/CMakeCCompilerABI.c.o  -o cmTryCompileExec3384076263 -rdynamic  
Using built-in specs.
COLLECT_GCC=/usr/bin/cc
COLLECT_LTO_WRAPPER=/usr/lib/gcc/x86_64-linux-gnu/4.8/lto-wrapper
Target: x86_64-linux-gnu
Configured with: ../src/configure -v --with-pkgversion='Ubuntu 4.8.2-19ubuntu1' --with-bugurl=file:///usr/share/doc/gcc-4.8/README.Bugs --enable-languages=c,c++,java,go,d,fortran,objc,obj-c++ --prefix=/usr --program-suffix=-4.8 --enable-shared --enable-linker-build-id --libexecdir=/usr/lib --without-included-gettext --enable-threads=posix --with-gxx-include-dir=/usr/include/c++/4.8 --libdir=/usr/lib --enable-nls --with-sysroot=/ --enable-clocale=gnu --enable-libstdcxx-debug --enable-libstdcxx-time=yes --enable-gnu-unique-object --disable-libmudflap --enable-plugin --with-system-zlib --disable-browser-plugin --enable-java-awt=gtk --enable-gtk-cairo --with-java-home=/usr/lib/jvm/java-1.5.0-gcj-4.8-amd64/jre --enable-java-home --with-jvm-root-dir=/usr/lib/jvm/java-1.5.0-gcj-4.8-amd64 --with-jvm-jar-dir=/usr/lib/jvm-exports/java-1.5.0-gcj-4.8-amd64 --with-arch-directory=amd64 --with-ecj-jar=/usr/share/java/eclipse-ecj.jar --enable-objc-gc --enable-multiarch --disable-werror --with-arch-32=i686 --with-abi=m64 --with-multilib-list=m32,m64,mx32 --with-tune=generic --enable-checking=release --build=x86_64-linux-gnu --host=x86_64-linux-gnu --target=x86_64-linux-gnu
Thread model: posix
gcc version 4.8.2 (Ubuntu 4.8.2-19ubuntu1) 
COMPILER_PATH=/usr/lib/gcc/x86_64-linux-gnu/4.8/:/usr/lib/gcc/x86_64-linux-gnu/4.8/:/usr/lib/gcc/x86_64-linux-gnu/:/usr/lib/gcc/x86_64-linux-gnu/4.8/:/usr/lib/gcc/x86_64-linux-gnu/
LIBRARY_PATH=/usr/lib/gcc/x86_64-linux-gnu/4.8/:/usr/lib/gcc/x86_64-linux-gnu/4.8/../../../x86_64-linux-gnu/:/usr/lib/gcc/x86_64-linux-gnu/4.8/../../../../lib/:/lib/x86_64-linux-gnu/:/lib/../lib/:/usr/lib/x86_64-linux-gnu/:/usr/lib/../lib/:/usr/lib/gcc/x86_64-linux-gnu/4.8/../../../:/lib/:/usr/lib/
COLLECT_GCC_OPTIONS='-v' '-o' 'cmTryCompileExec3384076263' '-rdynamic' '-mtune=generic' '-march=x86-64'
 /usr/lib/gcc/x86_64-linux-gnu/4.8/collect2 --sysroot=/ --build-id --eh-frame-hdr -m elf_x86_64 --hash-style=gnu --as-needed -export-dynamic -dynamic-linker /lib64/ld-linux-x86-64.so.2 -z relro -o cmTryCompileExec3384076263 /usr/lib/gcc/x86_64-linux-gnu/4.8/../../../x86_64-linux-gnu/crt1.o /usr/lib/gcc/x86_64-linux-gnu/4.8/../../../x86_64-linux-gnu/crti.o /usr/lib/gcc/x86_64-linux-gnu/4.8/crtbegin.o -L/usr/lib/gcc/x86_64-linux-gnu/4.8 -L/usr/lib/gcc/x86_64-linux-gnu/4.8/../../../x86_64-linux-gnu -L/usr/lib/gcc/x86_64-linux-gnu/4.8/../../../../lib -L/lib/x86_64-linux-gnu -L/lib/../lib -L/usr/lib/x86_64-linux-gnu -L/usr/lib/../lib -L/usr/lib/gcc/x86_64-linux-gnu/4.8/../../.. CMakeFiles/cmTryCompileExec3384076263.dir/CMakeCCompilerABI.c.o -lgcc --as-needed -lgcc_s --no-as-needed -lc -lgcc --as-needed -lgcc_s --no-as-needed /usr/lib/gcc/x86_64-linux-gnu/4.8/crtend.o /usr/lib/gcc/x86_64-linux-gnu/4.8/../../../x86_64-linux-gnu/crtn.o
make[1]: Leaving directory `/home/dkoes/git/openbabel/CMakeFiles/CMakeTmp'


Parsed C implicit link information from above output:
  link line regex: [^( *|.*[/\])(ld|([^/\]+-)?ld|collect2)[^/\]*( |$)]
  ignore line: [Change Dir: /home/dkoes/git/openbabel/CMakeFiles/CMakeTmp]
  ignore line: []
  ignore line: [Run Build Command:/usr/bin/make "cmTryCompileExec3384076263/fast"]
  ignore line: [/usr/bin/make -f CMakeFiles/cmTryCompileExec3384076263.dir/build.make CMakeFiles/cmTryCompileExec3384076263.dir/build]
  ignore line: [make[1]: Entering directory `/home/dkoes/git/openbabel/CMakeFiles/CMakeTmp']
  ignore line: [/usr/bin/cmake -E cmake_progress_report /home/dkoes/git/openbabel/CMakeFiles/CMakeTmp/CMakeFiles 1]
  ignore line: [Building C object CMakeFiles/cmTryCompileExec3384076263.dir/CMakeCCompilerABI.c.o]
  ignore line: [/usr/bin/cc    -o CMakeFiles/cmTryCompileExec3384076263.dir/CMakeCCompilerABI.c.o   -c /usr/share/cmake-2.8/Modules/CMakeCCompilerABI.c]
  ignore line: [Linking C executable cmTryCompileExec3384076263]
  ignore line: [/usr/bin/cmake -E cmake_link_script CMakeFiles/cmTryCompileExec3384076263.dir/link.txt --verbose=1]
  ignore line: [/usr/bin/cc     -v CMakeFiles/cmTryCompileExec3384076263.dir/CMakeCCompilerABI.c.o  -o cmTryCompileExec3384076263 -rdynamic  ]
  ignore line: [Using built-in specs.]
  ignore line: [COLLECT_GCC=/usr/bin/cc]
  ignore line: [COLLECT_LTO_WRAPPER=/usr/lib/gcc/x86_64-linux-gnu/4.8/lto-wrapper]
  ignore line: [Target: x86_64-linux-gnu]
  ignore line: [Configured with: ../src/configure -v --with-pkgversion='Ubuntu 4.8.2-19ubuntu1' --with-bugurl=file:///usr/share/doc/gcc-4.8/README.Bugs --enable-languages=c,c++,java,go,d,fortran,objc,obj-c++ --prefix=/usr --program-suffix=-4.8 --enable-shared --enable-linker-build-id --libexecdir=/usr/lib --without-included-gettext --enable-threads=posix --with-gxx-include-dir=/usr/include/c++/4.8 --libdir=/usr/lib --enable-nls --with-sysroot=/ --enable-clocale=gnu --enable-libstdcxx-debug --enable-libstdcxx-time=yes --enable-gnu-unique-object --disable-libmudflap --enable-plugin --with-system-zlib --disable-browser-plugin --enable-java-awt=gtk --enable-gtk-cairo --with-java-home=/usr/lib/jvm/java-1.5.0-gcj-4.8-amd64/jre --enable-java-home --with-jvm-root-dir=/usr/lib/jvm/java-1.5.0-gcj-4.8-amd64 --with-jvm-jar-dir=/usr/lib/jvm-exports/java-1.5.0-gcj-4.8-amd64 --with-arch-directory=amd64 --with-ecj-jar=/usr/share/java/eclipse-ecj.jar --enable-objc-gc --enable-multiarch --disable-werror --with-arch-32=i686 --with-abi=m64 --with-multilib-list=m32,m64,mx32 --with-tune=generic --enable-checking=release --build=x86_64-linux-gnu --host=x86_64-linux-gnu --target=x86_64-linux-gnu]
  ignore line: [Thread model: posix]
  ignore line: [gcc version 4.8.2 (Ubuntu 4.8.2-19ubuntu1) ]
  ignore line: [COMPILER_PATH=/usr/lib/gcc/x86_64-linux-gnu/4.8/:/usr/lib/gcc/x86_64-linux-gnu/4.8/:/usr/lib/gcc/x86_64-linux-gnu/:/usr/lib/gcc/x86_64-linux-gnu/4.8/:/usr/lib/gcc/x86_64-linux-gnu/]
  ignore line: [LIBRARY_PATH=/usr/lib/gcc/x86_64-linux-gnu/4.8/:/usr/lib/gcc/x86_64-linux-gnu/4.8/../../../x86_64-linux-gnu/:/usr/lib/gcc/x86_64-linux-gnu/4.8/../../../../lib/:/lib/x86_64-linux-gnu/:/lib/../lib/:/usr/lib/x86_64-linux-gnu/:/usr/lib/../lib/:/usr/lib/gcc/x86_64-linux-gnu/4.8/../../../:/lib/:/usr/lib/]
  ignore line: [COLLECT_GCC_OPTIONS='-v' '-o' 'cmTryCompileExec3384076263' '-rdynamic' '-mtune=generic' '-march=x86-64']
  link line: [ /usr/lib/gcc/x86_64-linux-gnu/4.8/collect2 --sysroot=/ --build-id --eh-frame-hdr -m elf_x86_64 --hash-style=gnu --as-needed -export-dynamic -dynamic-linker /lib64/ld-linux-x86-64.so.2 -z relro -o cmTryCompileExec3384076263 /usr/lib/gcc/x86_64-linux-gnu/4.8/../../../x86_64-linux-gnu/crt1.o /usr/lib/gcc/x86_64-linux-gnu/4.8/../../../x86_64-linux-gnu/crti.o /usr/lib/gcc/x86_64-linux-gnu/4.8/crtbegin.o -L/usr/lib/gcc/x86_64-linux-gnu/4.8 -L/usr/lib/gcc/x86_64-linux-gnu/4.8/../../../x86_64-linux-gnu -L/usr/lib/gcc/x86_64-linux-gnu/4.8/../../../../lib -L/lib/x86_64-linux-gnu -L/lib/../lib -L/usr/lib/x86_64-linux-gnu -L/usr/lib/../lib -L/usr/lib/gcc/x86_64-linux-gnu/4.8/../../.. CMakeFiles/cmTryCompileExec3384076263.dir/CMakeCCompilerABI.c.o -lgcc --as-needed -lgcc_s --no-as-needed -lc -lgcc --as-needed -lgcc_s --no-as-needed /usr/lib/gcc/x86_64-linux-gnu/4.8/crtend.o /usr/lib/gcc/x86_64-linux-gnu/4.8/../../../x86_64-linux-gnu/crtn.o]
    arg [/usr/lib/gcc/x86_64-linux-gnu/4.8/collect2] ==> ignore
    arg [--sysroot=/] ==> ignore
    arg [--build-id] ==> ignore
    arg [--eh-frame-hdr] ==> ignore
    arg [-m] ==> ignore
    arg [elf_x86_64] ==> ignore
    arg [--hash-style=gnu] ==> ignore
    arg [--as-needed] ==> ignore
    arg [-export-dynamic] ==> ignore
    arg [-dynamic-linker] ==> ignore
    arg [/lib64/ld-linux-x86-64.so.2] ==> ignore
    arg [-zrelro] ==> ignore
    arg [-o] ==> ignore
    arg [cmTryCompileExec3384076263] ==> ignore
    arg [/usr/lib/gcc/x86_64-linux-gnu/4.8/../../../x86_64-linux-gnu/crt1.o] ==> ignore
    arg [/usr/lib/gcc/x86_64-linux-gnu/4.8/../../../x86_64-linux-gnu/crti.o] ==> ignore
    arg [/usr/lib/gcc/x86_64-linux-gnu/4.8/crtbegin.o] ==> ignore
    arg [-L/usr/lib/gcc/x86_64-linux-gnu/4.8] ==> dir [/usr/lib/gcc/x86_64-linux-gnu/4.8]
    arg [-L/usr/lib/gcc/x86_64-linux-gnu/4.8/../../../x86_64-linux-gnu] ==> dir [/usr/lib/gcc/x86_64-linux-gnu/4.8/../../../x86_64-linux-gnu]
    arg [-L/usr/lib/gcc/x86_64-linux-gnu/4.8/../../../../lib] ==> dir [/usr/lib/gcc/x86_64-linux-gnu/4.8/../../../../lib]
    arg [-L/lib/x86_64-linux-gnu] ==> dir [/lib/x86_64-linux-gnu]
    arg [-L/lib/../lib] ==> dir [/lib/../lib]
    arg [-L/usr/lib/x86_64-linux-gnu] ==> dir [/usr/lib/x86_64-linux-gnu]
    arg [-L/usr/lib/../lib] ==> dir [/usr/lib/../lib]
    arg [-L/usr/lib/gcc/x86_64-linux-gnu/4.8/../../..] ==> dir [/usr/lib/gcc/x86_64-linux-gnu/4.8/../../..]
    arg [CMakeFiles/cmTryCompileExec3384076263.dir/CMakeCCompilerABI.c.o] ==> ignore
    arg [-lgcc] ==> lib [gcc]
    arg [--as-needed] ==> ignore
    arg [-lgcc_s] ==> lib [gcc_s]
    arg [--no-as-needed] ==> ignore
    arg [-lc] ==> lib [c]
    arg [-lgcc] ==> lib [gcc]
    arg [--as-needed] ==> ignore
    arg [-lgcc_s] ==> lib [gcc_s]
    arg [--no-as-needed] ==> ignore
    arg [/usr/lib/gcc/x86_64-linux-gnu/4.8/crtend.o] ==> ignore
    arg [/usr/lib/gcc/x86_64-linux-gnu/4.8/../../../x86_64-linux-gnu/crtn.o] ==> ignore
  remove lib [gcc]
  remove lib [gcc_s]
  remove lib [gcc]
  remove lib [gcc_s]
  collapse library dir [/usr/lib/gcc/x86_64-linux-gnu/4.8] ==> [/usr/lib/gcc/x86_64-linux-gnu/4.8]
  collapse library dir [/usr/lib/gcc/x86_64-linux-gnu/4.8/../../../x86_64-linux-gnu] ==> [/usr/lib/x86_64-linux-gnu]
  collapse library dir [/usr/lib/gcc/x86_64-linux-gnu/4.8/../../../../lib] ==> [/usr/lib]
  collapse library dir [/lib/x86_64-linux-gnu] ==> [/lib/x86_64-linux-gnu]
  collapse library dir [/lib/../lib] ==> [/lib]
  collapse library dir [/usr/lib/x86_64-linux-gnu] ==> [/usr/lib/x86_64-linux-gnu]
  collapse library dir [/usr/lib/../lib] ==> [/usr/lib]
  collapse library dir [/usr/lib/gcc/x86_64-linux-gnu/4.8/../../..] ==> [/usr/lib]
  implicit libs: [c]
  implicit dirs: [/usr/lib/gcc/x86_64-linux-gnu/4.8;/usr/lib/x86_64-linux-gnu;/usr/lib;/lib/x86_64-linux-gnu;/lib]
  implicit fwks: []


Determining if the CXX compiler works passed with the following output:
Change Dir: /home/dkoes/git/openbabel/CMakeFiles/CMakeTmp

Run Build Command:/usr/bin/make "cmTryCompileExec2627994631/fast"
/usr/bin/make -f CMakeFiles/cmTryCompileExec2627994631.dir/build.make CMakeFiles/cmTryCompileExec2627994631.dir/build
make[1]: Entering directory `/home/dkoes/git/openbabel/CMakeFiles/CMakeTmp'
/usr/bin/cmake -E cmake_progress_report /home/dkoes/git/openbabel/CMakeFiles/CMakeTmp/CMakeFiles 1
Building CXX object CMakeFiles/cmTryCompileExec2627994631.dir/testCXXCompiler.cxx.o
/usr/bin/c++     -o CMakeFiles/cmTryCompileExec2627994631.dir/testCXXCompiler.cxx.o -c /home/dkoes/git/openbabel/CMakeFiles/CMakeTmp/testCXXCompiler.cxx
Linking CXX executable cmTryCompileExec2627994631
/usr/bin/cmake -E cmake_link_script CMakeFiles/cmTryCompileExec2627994631.dir/link.txt --verbose=1
/usr/bin/c++        CMakeFiles/cmTryCompileExec2627994631.dir/testCXXCompiler.cxx.o  -o cmTryCompileExec2627994631 -rdynamic 
make[1]: Leaving directory `/home/dkoes/git/openbabel/CMakeFiles/CMakeTmp'


Detecting CXX compiler ABI info compiled with the following output:
Change Dir: /home/dkoes/git/openbabel/CMakeFiles/CMakeTmp

Run Build Command:/usr/bin/make "cmTryCompileExec1214245237/fast"
/usr/bin/make -f CMakeFiles/cmTryCompileExec1214245237.dir/build.make CMakeFiles/cmTryCompileExec1214245237.dir/build
make[1]: Entering directory `/home/dkoes/git/openbabel/CMakeFiles/CMakeTmp'
/usr/bin/cmake -E cmake_progress_report /home/dkoes/git/openbabel/CMakeFiles/CMakeTmp/CMakeFiles 1
Building CXX object CMakeFiles/cmTryCompileExec1214245237.dir/CMakeCXXCompilerABI.cpp.o
/usr/bin/c++     -o CMakeFiles/cmTryCompileExec1214245237.dir/CMakeCXXCompilerABI.cpp.o -c /usr/share/cmake-2.8/Modules/CMakeCXXCompilerABI.cpp
Linking CXX executable cmTryCompileExec1214245237
/usr/bin/cmake -E cmake_link_script CMakeFiles/cmTryCompileExec1214245237.dir/link.txt --verbose=1
/usr/bin/c++      -v CMakeFiles/cmTryCompileExec1214245237.dir/CMakeCXXCompilerABI.cpp.o  -o cmTryCompileExec1214245237 -rdynamic  
Using built-in specs.
COLLECT_GCC=/usr/bin/c++
COLLECT_LTO_WRAPPER=/usr/lib/gcc/x86_64-linux-gnu/4.8/lto-wrapper
Target: x86_64-linux-gnu
Configured with: ../src/configure -v --with-pkgversion='Ubuntu 4.8.2-19ubuntu1' --with-bugurl=file:///usr/share/doc/gcc-4.8/README.Bugs --enable-languages=c,c++,java,go,d,fortran,objc,obj-c++ --prefix=/usr --program-suffix=-4.8 --enable-shared --enable-linker-build-id --libexecdir=/usr/lib --without-included-gettext --enable-threads=posix --with-gxx-include-dir=/usr/include/c++/4.8 --libdir=/usr/lib --enable-nls --with-sysroot=/ --enable-clocale=gnu --enable-libstdcxx-debug --enable-libstdcxx-time=yes --enable-gnu-unique-object --disable-libmudflap --enable-plugin --with-system-zlib --disable-browser-plugin --enable-java-awt=gtk --enable-gtk-cairo --with-java-home=/usr/lib/jvm/java-1.5.0-gcj-4.8-amd64/jre --enable-java-home --with-jvm-root-dir=/usr/lib/jvm/java-1.5.0-gcj-4.8-amd64 --with-jvm-jar-dir=/usr/lib/jvm-exports/java-1.5.0-gcj-4.8-amd64 --with-arch-directory=amd64 --with-ecj-jar=/usr/share/java/eclipse-ecj.jar --enable-objc-gc --enable-multiarch --disable-werror --with-arch-32=i686 --with-abi=m64 --with-multilib-list=m32,m64,mx32 --with-tune=generic --enable-checking=release --build=x86_64-linux-gnu --host=x86_64-linux-gnu --target=x86_64-linux-gnu
Thread model: posix
gcc version 4.8.2 (Ubuntu 4.8.2-19ubuntu1) 
COMPILER_PATH=/usr/lib/gcc/x86_64-linux-gnu/4.8/:/usr/lib/gcc/x86_64-linux-gnu/4.8/:/usr/lib/gcc/x86_64-linux-gnu/:/usr/lib/gcc/x86_64-linux-gnu/4.8/:/usr/lib/gcc/x86_64-linux-gnu/
LIBRARY_PATH=/usr/lib/gcc/x86_64-linux-gnu/4.8/:/usr/lib/gcc/x86_64-linux-gnu/4.8/../../../x86_64-linux-gnu/:/usr/lib/gcc/x86_64-linux-gnu/4.8/../../../../lib/:/lib/x86_64-linux-gnu/:/lib/../lib/:/usr/lib/x86_64-linux-gnu/:/usr/lib/../lib/:/usr/lib/gcc/x86_64-linux-gnu/4.8/../../../:/lib/:/usr/lib/
COLLECT_GCC_OPTIONS='-v' '-o' 'cmTryCompileExec1214245237' '-rdynamic' '-shared-libgcc' '-mtune=generic' '-march=x86-64'
 /usr/lib/gcc/x86_64-linux-gnu/4.8/collect2 --sysroot=/ --build-id --eh-frame-hdr -m elf_x86_64 --hash-style=gnu --as-needed -export-dynamic -dynamic-linker /lib64/ld-linux-x86-64.so.2 -z relro -o cmTryCompileExec1214245237 /usr/lib/gcc/x86_64-linux-gnu/4.8/../../../x86_64-linux-gnu/crt1.o /usr/lib/gcc/x86_64-linux-gnu/4.8/../../../x86_64-linux-gnu/crti.o /usr/lib/gcc/x86_64-linux-gnu/4.8/crtbegin.o -L/usr/lib/gcc/x86_64-linux-gnu/4.8 -L/usr/lib/gcc/x86_64-linux-gnu/4.8/../../../x86_64-linux-gnu -L/usr/lib/gcc/x86_64-linux-gnu/4.8/../../../../lib -L/lib/x86_64-linux-gnu -L/lib/../lib -L/usr/lib/x86_64-linux-gnu -L/usr/lib/../lib -L/usr/lib/gcc/x86_64-linux-gnu/4.8/../../.. CMakeFiles/cmTryCompileExec1214245237.dir/CMakeCXXCompilerABI.cpp.o -lstdc++ -lm -lgcc_s -lgcc -lc -lgcc_s -lgcc /usr/lib/gcc/x86_64-linux-gnu/4.8/crtend.o /usr/lib/gcc/x86_64-linux-gnu/4.8/../../../x86_64-linux-gnu/crtn.o
make[1]: Leaving directory `/home/dkoes/git/openbabel/CMakeFiles/CMakeTmp'


Parsed CXX implicit link information from above output:
  link line regex: [^( *|.*[/\])(ld|([^/\]+-)?ld|collect2)[^/\]*( |$)]
  ignore line: [Change Dir: /home/dkoes/git/openbabel/CMakeFiles/CMakeTmp]
  ignore line: []
  ignore line: [Run Build Command:/usr/bin/make "cmTryCompileExec1214245237/fast"]
  ignore line: [/usr/bin/make -f CMakeFiles/cmTryCompileExec1214245237.dir/build.make CMakeFiles/cmTryCompileExec1214245237.dir/build]
  ignore line: [make[1]: Entering directory `/home/dkoes/git/openbabel/CMakeFiles/CMakeTmp']
  ignore line: [/usr/bin/cmake -E cmake_progress_report /home/dkoes/git/openbabel/CMakeFiles/CMakeTmp/CMakeFiles 1]
  ignore line: [Building CXX object CMakeFiles/cmTryCompileExec1214245237.dir/CMakeCXXCompilerABI.cpp.o]
  ignore line: [/usr/bin/c++     -o CMakeFiles/cmTryCompileExec1214245237.dir/CMakeCXXCompilerABI.cpp.o -c /usr/share/cmake-2.8/Modules/CMakeCXXCompilerABI.cpp]
  ignore line: [Linking CXX executable cmTryCompileExec1214245237]
  ignore line: [/usr/bin/cmake -E cmake_link_script CMakeFiles/cmTryCompileExec1214245237.dir/link.txt --verbose=1]
  ignore line: [/usr/bin/c++      -v CMakeFiles/cmTryCompileExec1214245237.dir/CMakeCXXCompilerABI.cpp.o  -o cmTryCompileExec1214245237 -rdynamic  ]
  ignore line: [Using built-in specs.]
  ignore line: [COLLECT_GCC=/usr/bin/c++]
  ignore line: [COLLECT_LTO_WRAPPER=/usr/lib/gcc/x86_64-linux-gnu/4.8/lto-wrapper]
  ignore line: [Target: x86_64-linux-gnu]
  ignore line: [Configured with: ../src/configure -v --with-pkgversion='Ubuntu 4.8.2-19ubuntu1' --with-bugurl=file:///usr/share/doc/gcc-4.8/README.Bugs --enable-languages=c,c++,java,go,d,fortran,objc,obj-c++ --prefix=/usr --program-suffix=-4.8 --enable-shared --enable-linker-build-id --libexecdir=/usr/lib --without-included-gettext --enable-threads=posix --with-gxx-include-dir=/usr/include/c++/4.8 --libdir=/usr/lib --enable-nls --with-sysroot=/ --enable-clocale=gnu --enable-libstdcxx-debug --enable-libstdcxx-time=yes --enable-gnu-unique-object --disable-libmudflap --enable-plugin --with-system-zlib --disable-browser-plugin --enable-java-awt=gtk --enable-gtk-cairo --with-java-home=/usr/lib/jvm/java-1.5.0-gcj-4.8-amd64/jre --enable-java-home --with-jvm-root-dir=/usr/lib/jvm/java-1.5.0-gcj-4.8-amd64 --with-jvm-jar-dir=/usr/lib/jvm-exports/java-1.5.0-gcj-4.8-amd64 --with-arch-directory=amd64 --with-ecj-jar=/usr/share/java/eclipse-ecj.jar --enable-objc-gc --enable-multiarch --disable-werror --with-arch-32=i686 --with-abi=m64 --with-multilib-list=m32,m64,mx32 --with-tune=generic --enable-checking=release --build=x86_64-linux-gnu --host=x86_64-linux-gnu --target=x86_64-linux-gnu]
  ignore line: [Thread model: posix]
  ignore line: [gcc version 4.8.2 (Ubuntu 4.8.2-19ubuntu1) ]
  ignore line: [COMPILER_PATH=/usr/lib/gcc/x86_64-linux-gnu/4.8/:/usr/lib/gcc/x86_64-linux-gnu/4.8/:/usr/lib/gcc/x86_64-linux-gnu/:/usr/lib/gcc/x86_64-linux-gnu/4.8/:/usr/lib/gcc/x86_64-linux-gnu/]
  ignore line: [LIBRARY_PATH=/usr/lib/gcc/x86_64-linux-gnu/4.8/:/usr/lib/gcc/x86_64-linux-gnu/4.8/../../../x86_64-linux-gnu/:/usr/lib/gcc/x86_64-linux-gnu/4.8/../../../../lib/:/lib/x86_64-linux-gnu/:/lib/../lib/:/usr/lib/x86_64-linux-gnu/:/usr/lib/../lib/:/usr/lib/gcc/x86_64-linux-gnu/4.8/../../../:/lib/:/usr/lib/]
  ignore line: [COLLECT_GCC_OPTIONS='-v' '-o' 'cmTryCompileExec1214245237' '-rdynamic' '-shared-libgcc' '-mtune=generic' '-march=x86-64']
  link line: [ /usr/lib/gcc/x86_64-linux-gnu/4.8/collect2 --sysroot=/ --build-id --eh-frame-hdr -m elf_x86_64 --hash-style=gnu --as-needed -export-dynamic -dynamic-linker /lib64/ld-linux-x86-64.so.2 -z relro -o cmTryCompileExec1214245237 /usr/lib/gcc/x86_64-linux-gnu/4.8/../../../x86_64-linux-gnu/crt1.o /usr/lib/gcc/x86_64-linux-gnu/4.8/../../../x86_64-linux-gnu/crti.o /usr/lib/gcc/x86_64-linux-gnu/4.8/crtbegin.o -L/usr/lib/gcc/x86_64-linux-gnu/4.8 -L/usr/lib/gcc/x86_64-linux-gnu/4.8/../../../x86_64-linux-gnu -L/usr/lib/gcc/x86_64-linux-gnu/4.8/../../../../lib -L/lib/x86_64-linux-gnu -L/lib/../lib -L/usr/lib/x86_64-linux-gnu -L/usr/lib/../lib -L/usr/lib/gcc/x86_64-linux-gnu/4.8/../../.. CMakeFiles/cmTryCompileExec1214245237.dir/CMakeCXXCompilerABI.cpp.o -lstdc++ -lm -lgcc_s -lgcc -lc -lgcc_s -lgcc /usr/lib/gcc/x86_64-linux-gnu/4.8/crtend.o /usr/lib/gcc/x86_64-linux-gnu/4.8/../../../x86_64-linux-gnu/crtn.o]
    arg [/usr/lib/gcc/x86_64-linux-gnu/4.8/collect2] ==> ignore
    arg [--sysroot=/] ==> ignore
    arg [--build-id] ==> ignore
    arg [--eh-frame-hdr] ==> ignore
    arg [-m] ==> ignore
    arg [elf_x86_64] ==> ignore
    arg [--hash-style=gnu] ==> ignore
    arg [--as-needed] ==> ignore
    arg [-export-dynamic] ==> ignore
    arg [-dynamic-linker] ==> ignore
    arg [/lib64/ld-linux-x86-64.so.2] ==> ignore
    arg [-zrelro] ==> ignore
    arg [-o] ==> ignore
    arg [cmTryCompileExec1214245237] ==> ignore
    arg [/usr/lib/gcc/x86_64-linux-gnu/4.8/../../../x86_64-linux-gnu/crt1.o] ==> ignore
    arg [/usr/lib/gcc/x86_64-linux-gnu/4.8/../../../x86_64-linux-gnu/crti.o] ==> ignore
    arg [/usr/lib/gcc/x86_64-linux-gnu/4.8/crtbegin.o] ==> ignore
    arg [-L/usr/lib/gcc/x86_64-linux-gnu/4.8] ==> dir [/usr/lib/gcc/x86_64-linux-gnu/4.8]
    arg [-L/usr/lib/gcc/x86_64-linux-gnu/4.8/../../../x86_64-linux-gnu] ==> dir [/usr/lib/gcc/x86_64-linux-gnu/4.8/../../../x86_64-linux-gnu]
    arg [-L/usr/lib/gcc/x86_64-linux-gnu/4.8/../../../../lib] ==> dir [/usr/lib/gcc/x86_64-linux-gnu/4.8/../../../../lib]
    arg [-L/lib/x86_64-linux-gnu] ==> dir [/lib/x86_64-linux-gnu]
    arg [-L/lib/../lib] ==> dir [/lib/../lib]
    arg [-L/usr/lib/x86_64-linux-gnu] ==> dir [/usr/lib/x86_64-linux-gnu]
    arg [-L/usr/lib/../lib] ==> dir [/usr/lib/../lib]
    arg [-L/usr/lib/gcc/x86_64-linux-gnu/4.8/../../..] ==> dir [/usr/lib/gcc/x86_64-linux-gnu/4.8/../../..]
    arg [CMakeFiles/cmTryCompileExec1214245237.dir/CMakeCXXCompilerABI.cpp.o] ==> ignore
    arg [-lstdc++] ==> lib [stdc++]
    arg [-lm] ==> lib [m]
    arg [-lgcc_s] ==> lib [gcc_s]
    arg [-lgcc] ==> lib [gcc]
    arg [-lc] ==> lib [c]
    arg [-lgcc_s] ==> lib [gcc_s]
    arg [-lgcc] ==> lib [gcc]
    arg [/usr/lib/gcc/x86_64-linux-gnu/4.8/crtend.o] ==> ignore
    arg [/usr/lib/gcc/x86_64-linux-gnu/4.8/../../../x86_64-linux-gnu/crtn.o] ==> ignore
  remove lib [gcc_s]
  remove lib [gcc]
  remove lib [gcc_s]
  remove lib [gcc]
  collapse library dir [/usr/lib/gcc/x86_64-linux-gnu/4.8] ==> [/usr/lib/gcc/x86_64-linux-gnu/4.8]
  collapse library dir [/usr/lib/gcc/x86_64-linux-gnu/4.8/../../../x86_64-linux-gnu] ==> [/usr/lib/x86_64-linux-gnu]
  collapse library dir [/usr/lib/gcc/x86_64-linux-gnu/4.8/../../../../lib] ==> [/usr/lib]
  collapse library dir [/lib/x86_64-linux-gnu] ==> [/lib/x86_64-linux-gnu]
  collapse library dir [/lib/../lib] ==> [/lib]
  collapse library dir [/usr/lib/x86_64-linux-gnu] ==> [/usr/lib/x86_64-linux-gnu]
  collapse library dir [/usr/lib/../lib] ==> [/usr/lib]
  collapse library dir [/usr/lib/gcc/x86_64-linux-gnu/4.8/../../..] ==> [/usr/lib]
  implicit libs: [stdc++;m;c]
  implicit dirs: [/usr/lib/gcc/x86_64-linux-gnu/4.8;/usr/lib/x86_64-linux-gnu;/usr/lib;/lib/x86_64-linux-gnu;/lib]
  implicit fwks: []


Determining if the include file sys/time.h exists passed with the following output:
Change Dir: /home/dkoes/git/openbabel/CMakeFiles/CMakeTmp

Run Build Command:/usr/bin/make "cmTryCompileExec760212051/fast"
/usr/bin/make -f CMakeFiles/cmTryCompileExec760212051.dir/build.make CMakeFiles/cmTryCompileExec760212051.dir/build
make[1]: Entering directory `/home/dkoes/git/openbabel/CMakeFiles/CMakeTmp'
/usr/bin/cmake -E cmake_progress_report /home/dkoes/git/openbabel/CMakeFiles/CMakeTmp/CMakeFiles 1
Building C object CMakeFiles/cmTryCompileExec760212051.dir/CheckIncludeFile.c.o
/usr/bin/cc    -o CMakeFiles/cmTryCompileExec760212051.dir/CheckIncludeFile.c.o   -c /home/dkoes/git/openbabel/CMakeFiles/CMakeTmp/CheckIncludeFile.c
Linking C executable cmTryCompileExec760212051
/usr/bin/cmake -E cmake_link_script CMakeFiles/cmTryCompileExec760212051.dir/link.txt --verbose=1
/usr/bin/cc       CMakeFiles/cmTryCompileExec760212051.dir/CheckIncludeFile.c.o  -o cmTryCompileExec760212051 -rdynamic 
make[1]: Leaving directory `/home/dkoes/git/openbabel/CMakeFiles/CMakeTmp'


Determining if the include file time.h exists passed with the following output:
Change Dir: /home/dkoes/git/openbabel/CMakeFiles/CMakeTmp

Run Build Command:/usr/bin/make "cmTryCompileExec994016066/fast"
/usr/bin/make -f CMakeFiles/cmTryCompileExec994016066.dir/build.make CMakeFiles/cmTryCompileExec994016066.dir/build
make[1]: Entering directory `/home/dkoes/git/openbabel/CMakeFiles/CMakeTmp'
/usr/bin/cmake -E cmake_progress_report /home/dkoes/git/openbabel/CMakeFiles/CMakeTmp/CMakeFiles 1
Building C object CMakeFiles/cmTryCompileExec994016066.dir/CheckIncludeFile.c.o
/usr/bin/cc    -o CMakeFiles/cmTryCompileExec994016066.dir/CheckIncludeFile.c.o   -c /home/dkoes/git/openbabel/CMakeFiles/CMakeTmp/CheckIncludeFile.c
Linking C executable cmTryCompileExec994016066
/usr/bin/cmake -E cmake_link_script CMakeFiles/cmTryCompileExec994016066.dir/link.txt --verbose=1
/usr/bin/cc       CMakeFiles/cmTryCompileExec994016066.dir/CheckIncludeFile.c.o  -o cmTryCompileExec994016066 -rdynamic 
make[1]: Leaving directory `/home/dkoes/git/openbabel/CMakeFiles/CMakeTmp'


Determining if the include file strings.h exists passed with the following output:
Change Dir: /home/dkoes/git/openbabel/CMakeFiles/CMakeTmp

Run Build Command:/usr/bin/make "cmTryCompileExec358757675/fast"
/usr/bin/make -f CMakeFiles/cmTryCompileExec358757675.dir/build.make CMakeFiles/cmTryCompileExec358757675.dir/build
make[1]: Entering directory `/home/dkoes/git/openbabel/CMakeFiles/CMakeTmp'
/usr/bin/cmake -E cmake_progress_report /home/dkoes/git/openbabel/CMakeFiles/CMakeTmp/CMakeFiles 1
Building C object CMakeFiles/cmTryCompileExec358757675.dir/CheckIncludeFile.c.o
/usr/bin/cc    -o CMakeFiles/cmTryCompileExec358757675.dir/CheckIncludeFile.c.o   -c /home/dkoes/git/openbabel/CMakeFiles/CMakeTmp/CheckIncludeFile.c
Linking C executable cmTryCompileExec358757675
/usr/bin/cmake -E cmake_link_script CMakeFiles/cmTryCompileExec358757675.dir/link.txt --verbose=1
/usr/bin/cc       CMakeFiles/cmTryCompileExec358757675.dir/CheckIncludeFile.c.o  -o cmTryCompileExec358757675 -rdynamic 
make[1]: Leaving directory `/home/dkoes/git/openbabel/CMakeFiles/CMakeTmp'


Determining if the include file rpc/xdr.h exists passed with the following output:
Change Dir: /home/dkoes/git/openbabel/CMakeFiles/CMakeTmp

Run Build Command:/usr/bin/make "cmTryCompileExec2623348847/fast"
/usr/bin/make -f CMakeFiles/cmTryCompileExec2623348847.dir/build.make CMakeFiles/cmTryCompileExec2623348847.dir/build
make[1]: Entering directory `/home/dkoes/git/openbabel/CMakeFiles/CMakeTmp'
/usr/bin/cmake -E cmake_progress_report /home/dkoes/git/openbabel/CMakeFiles/CMakeTmp/CMakeFiles 1
Building C object CMakeFiles/cmTryCompileExec2623348847.dir/CheckIncludeFile.c.o
/usr/bin/cc    -o CMakeFiles/cmTryCompileExec2623348847.dir/CheckIncludeFile.c.o   -c /home/dkoes/git/openbabel/CMakeFiles/CMakeTmp/CheckIncludeFile.c
Linking C executable cmTryCompileExec2623348847
/usr/bin/cmake -E cmake_link_script CMakeFiles/cmTryCompileExec2623348847.dir/link.txt --verbose=1
/usr/bin/cc       CMakeFiles/cmTryCompileExec2623348847.dir/CheckIncludeFile.c.o  -o cmTryCompileExec2623348847 -rdynamic 
make[1]: Leaving directory `/home/dkoes/git/openbabel/CMakeFiles/CMakeTmp'


Determining if the include file regex.h exists passed with the following output:
Change Dir: /home/dkoes/git/openbabel/CMakeFiles/CMakeTmp

Run Build Command:/usr/bin/make "cmTryCompileExec3688260713/fast"
/usr/bin/make -f CMakeFiles/cmTryCompileExec3688260713.dir/build.make CMakeFiles/cmTryCompileExec3688260713.dir/build
make[1]: Entering directory `/home/dkoes/git/openbabel/CMakeFiles/CMakeTmp'
/usr/bin/cmake -E cmake_progress_report /home/dkoes/git/openbabel/CMakeFiles/CMakeTmp/CMakeFiles 1
Building C object CMakeFiles/cmTryCompileExec3688260713.dir/CheckIncludeFile.c.o
/usr/bin/cc    -o CMakeFiles/cmTryCompileExec3688260713.dir/CheckIncludeFile.c.o   -c /home/dkoes/git/openbabel/CMakeFiles/CMakeTmp/CheckIncludeFile.c
Linking C executable cmTryCompileExec3688260713
/usr/bin/cmake -E cmake_link_script CMakeFiles/cmTryCompileExec3688260713.dir/link.txt --verbose=1
/usr/bin/cc       CMakeFiles/cmTryCompileExec3688260713.dir/CheckIncludeFile.c.o  -o cmTryCompileExec3688260713 -rdynamic 
make[1]: Leaving directory `/home/dkoes/git/openbabel/CMakeFiles/CMakeTmp'


Determining if the include file sstream exists passed with the following output:
Change Dir: /home/dkoes/git/openbabel/CMakeFiles/CMakeTmp

Run Build Command:/usr/bin/make "cmTryCompileExec4107806668/fast"
/usr/bin/make -f CMakeFiles/cmTryCompileExec4107806668.dir/build.make CMakeFiles/cmTryCompileExec4107806668.dir/build
make[1]: Entering directory `/home/dkoes/git/openbabel/CMakeFiles/CMakeTmp'
/usr/bin/cmake -E cmake_progress_report /home/dkoes/git/openbabel/CMakeFiles/CMakeTmp/CMakeFiles 1
Building CXX object CMakeFiles/cmTryCompileExec4107806668.dir/CheckIncludeFile.cxx.o
/usr/bin/c++    -pthread    -o CMakeFiles/cmTryCompileExec4107806668.dir/CheckIncludeFile.cxx.o -c /home/dkoes/git/openbabel/CMakeFiles/CMakeTmp/CheckIncludeFile.cxx
Linking CXX executable cmTryCompileExec4107806668
/usr/bin/cmake -E cmake_link_script CMakeFiles/cmTryCompileExec4107806668.dir/link.txt --verbose=1
/usr/bin/c++    -pthread     CMakeFiles/cmTryCompileExec4107806668.dir/CheckIncludeFile.cxx.o  -o cmTryCompileExec4107806668 -rdynamic 
make[1]: Leaving directory `/home/dkoes/git/openbabel/CMakeFiles/CMakeTmp'


Determining if the snprintf exist passed with the following output:
Change Dir: /home/dkoes/git/openbabel/CMakeFiles/CMakeTmp

Run Build Command:/usr/bin/make "cmTryCompileExec3069285502/fast"
/usr/bin/make -f CMakeFiles/cmTryCompileExec3069285502.dir/build.make CMakeFiles/cmTryCompileExec3069285502.dir/build
make[1]: Entering directory `/home/dkoes/git/openbabel/CMakeFiles/CMakeTmp'
/usr/bin/cmake -E cmake_progress_report /home/dkoes/git/openbabel/CMakeFiles/CMakeTmp/CMakeFiles 1
Building C object CMakeFiles/cmTryCompileExec3069285502.dir/CheckSymbolExists.c.o
/usr/bin/cc    -o CMakeFiles/cmTryCompileExec3069285502.dir/CheckSymbolExists.c.o   -c /home/dkoes/git/openbabel/CMakeFiles/CMakeTmp/CheckSymbolExists.c
Linking C executable cmTryCompileExec3069285502
/usr/bin/cmake -E cmake_link_script CMakeFiles/cmTryCompileExec3069285502.dir/link.txt --verbose=1
/usr/bin/cc       CMakeFiles/cmTryCompileExec3069285502.dir/CheckSymbolExists.c.o  -o cmTryCompileExec3069285502 -rdynamic 
make[1]: Leaving directory `/home/dkoes/git/openbabel/CMakeFiles/CMakeTmp'

File /home/dkoes/git/openbabel/CMakeFiles/CMakeTmp/CheckSymbolExists.c:
/* */
#include <stdio.h>

int main(int argc, char** argv)
{
  (void)argv;
#ifndef snprintf
  return ((int*)(&snprintf))[argc];
#else
  (void)argc;
  return 0;
#endif
}

Determining if the strcasecmp exist passed with the following output:
Change Dir: /home/dkoes/git/openbabel/CMakeFiles/CMakeTmp

Run Build Command:/usr/bin/make "cmTryCompileExec3260068009/fast"
/usr/bin/make -f CMakeFiles/cmTryCompileExec3260068009.dir/build.make CMakeFiles/cmTryCompileExec3260068009.dir/build
make[1]: Entering directory `/home/dkoes/git/openbabel/CMakeFiles/CMakeTmp'
/usr/bin/cmake -E cmake_progress_report /home/dkoes/git/openbabel/CMakeFiles/CMakeTmp/CMakeFiles 1
Building C object CMakeFiles/cmTryCompileExec3260068009.dir/CheckSymbolExists.c.o
/usr/bin/cc    -o CMakeFiles/cmTryCompileExec3260068009.dir/CheckSymbolExists.c.o   -c /home/dkoes/git/openbabel/CMakeFiles/CMakeTmp/CheckSymbolExists.c
Linking C executable cmTryCompileExec3260068009
/usr/bin/cmake -E cmake_link_script CMakeFiles/cmTryCompileExec3260068009.dir/link.txt --verbose=1
/usr/bin/cc       CMakeFiles/cmTryCompileExec3260068009.dir/CheckSymbolExists.c.o  -o cmTryCompileExec3260068009 -rdynamic 
make[1]: Leaving directory `/home/dkoes/git/openbabel/CMakeFiles/CMakeTmp'

File /home/dkoes/git/openbabel/CMakeFiles/CMakeTmp/CheckSymbolExists.c:
/* */
#include <string.h>

int main(int argc, char** argv)
{
  (void)argv;
#ifndef strcasecmp
  return ((int*)(&strcasecmp))[argc];
#else
  (void)argc;
  return 0;
#endif
}

Determining if the strncasecmp exist passed with the following output:
Change Dir: /home/dkoes/git/openbabel/CMakeFiles/CMakeTmp

Run Build Command:/usr/bin/make "cmTryCompileExec420885592/fast"
/usr/bin/make -f CMakeFiles/cmTryCompileExec420885592.dir/build.make CMakeFiles/cmTryCompileExec420885592.dir/build
make[1]: Entering directory `/home/dkoes/git/openbabel/CMakeFiles/CMakeTmp'
/usr/bin/cmake -E cmake_progress_report /home/dkoes/git/openbabel/CMakeFiles/CMakeTmp/CMakeFiles 1
Building C object CMakeFiles/cmTryCompileExec420885592.dir/CheckSymbolExists.c.o
/usr/bin/cc    -o CMakeFiles/cmTryCompileExec420885592.dir/CheckSymbolExists.c.o   -c /home/dkoes/git/openbabel/CMakeFiles/CMakeTmp/CheckSymbolExists.c
Linking C executable cmTryCompileExec420885592
/usr/bin/cmake -E cmake_link_script CMakeFiles/cmTryCompileExec420885592.dir/link.txt --verbose=1
/usr/bin/cc       CMakeFiles/cmTryCompileExec420885592.dir/CheckSymbolExists.c.o  -o cmTryCompileExec420885592 -rdynamic 
make[1]: Leaving directory `/home/dkoes/git/openbabel/CMakeFiles/CMakeTmp'

File /home/dkoes/git/openbabel/CMakeFiles/CMakeTmp/CheckSymbolExists.c:
/* */
#include <string.h>

int main(int argc, char** argv)
{
  (void)argv;
#ifndef strncasecmp
  return ((int*)(&strncasecmp))[argc];
#else
  (void)argc;
  return 0;
#endif
}

Determining if the function dlopen exists in the dl passed with the following output:
Change Dir: /home/dkoes/git/openbabel/CMakeFiles/CMakeTmp

Run Build Command:/usr/bin/make "cmTryCompileExec677104177/fast"
/usr/bin/make -f CMakeFiles/cmTryCompileExec677104177.dir/build.make CMakeFiles/cmTryCompileExec677104177.dir/build
make[1]: Entering directory `/home/dkoes/git/openbabel/CMakeFiles/CMakeTmp'
/usr/bin/cmake -E cmake_progress_report /home/dkoes/git/openbabel/CMakeFiles/CMakeTmp/CMakeFiles 1
Building C object CMakeFiles/cmTryCompileExec677104177.dir/CheckFunctionExists.c.o
/usr/bin/cc   -DCHECK_FUNCTION_EXISTS=dlopen   -o CMakeFiles/cmTryCompileExec677104177.dir/CheckFunctionExists.c.o   -c /usr/share/cmake-2.8/Modules/CheckFunctionExists.c
Linking C executable cmTryCompileExec677104177
/usr/bin/cmake -E cmake_link_script CMakeFiles/cmTryCompileExec677104177.dir/link.txt --verbose=1
/usr/bin/cc   -DCHECK_FUNCTION_EXISTS=dlopen    CMakeFiles/cmTryCompileExec677104177.dir/CheckFunctionExists.c.o  -o cmTryCompileExec677104177 -rdynamic -ldl 
make[1]: Leaving directory `/home/dkoes/git/openbabel/CMakeFiles/CMakeTmp'


Determining if the include file sys/types.h exists passed with the following output:
Change Dir: /home/dkoes/git/openbabel/CMakeFiles/CMakeTmp

Run Build Command:/usr/bin/make "cmTryCompileExec4224314115/fast"
/usr/bin/make -f CMakeFiles/cmTryCompileExec4224314115.dir/build.make CMakeFiles/cmTryCompileExec4224314115.dir/build
make[1]: Entering directory `/home/dkoes/git/openbabel/CMakeFiles/CMakeTmp'
/usr/bin/cmake -E cmake_progress_report /home/dkoes/git/openbabel/CMakeFiles/CMakeTmp/CMakeFiles 1
Building C object CMakeFiles/cmTryCompileExec4224314115.dir/CheckIncludeFile.c.o
/usr/bin/cc    -o CMakeFiles/cmTryCompileExec4224314115.dir/CheckIncludeFile.c.o   -c /home/dkoes/git/openbabel/CMakeFiles/CMakeTmp/CheckIncludeFile.c
Linking C executable cmTryCompileExec4224314115
/usr/bin/cmake -E cmake_link_script CMakeFiles/cmTryCompileExec4224314115.dir/link.txt --verbose=1
/usr/bin/cc       CMakeFiles/cmTryCompileExec4224314115.dir/CheckIncludeFile.c.o  -o cmTryCompileExec4224314115 -rdynamic 
make[1]: Leaving directory `/home/dkoes/git/openbabel/CMakeFiles/CMakeTmp'


